Determining if the pthread_create exist failed with the following output:
Change Dir: /home/ubuntu/phil_catkin_ws/build/CMakeFiles/CMakeTmp

Run Build Command:/usr/bin/make "cmTryCompileExec1345429873/fast"
/usr/bin/make -f CMakeFiles/cmTryCompileExec1345429873.dir/build.make CMakeFiles/cmTryCompileExec1345429873.dir/build
make[1]: Entering directory `/home/ubuntu/phil_catkin_ws/build/CMakeFiles/CMakeTmp'
/usr/bin/cmake -E cmake_progress_report /home/ubuntu/phil_catkin_ws/build/CMakeFiles/CMakeTmp/CMakeFiles 1
Building C object CMakeFiles/cmTryCompileExec1345429873.dir/CheckSymbolExists.c.o
/usr/bin/cc    -o CMakeFiles/cmTryCompileExec1345429873.dir/CheckSymbolExists.c.o   -c /home/ubuntu/phil_catkin_ws/build/CMakeFiles/CMakeTmp/CheckSymbolExists.c
Linking C executable cmTryCompileExec1345429873
/usr/bin/cmake -E cmake_link_script CMakeFiles/cmTryCompileExec1345429873.dir/link.txt --verbose=1
/usr/bin/cc       CMakeFiles/cmTryCompileExec1345429873.dir/CheckSymbolExists.c.o  -o cmTryCompileExec1345429873 -rdynamic 
CMakeFiles/cmTryCompileExec1345429873.dir/CheckSymbolExists.c.o: In function `main':
CheckSymbolExists.c:(.text+0xe): undefined reference to `pthread_create'
CheckSymbolExists.c:(.text+0x12): undefined reference to `pthread_create'
collect2: error: ld returned 1 exit status
make[1]: Leaving directory `/home/ubuntu/phil_catkin_ws/build/CMakeFiles/CMakeTmp'
make[1]: *** [cmTryCompileExec1345429873] Error 1
make: *** [cmTryCompileExec1345429873/fast] Error 2

File /home/ubuntu/phil_catkin_ws/build/CMakeFiles/CMakeTmp/CheckSymbolExists.c:
/* */
#include <pthread.h>

int main(int argc, char** argv)
{
  (void)argv;
#ifndef pthread_create
  return ((int*)(&pthread_create))[argc];
#else
  (void)argc;
  return 0;
#endif
}

Determining if the function pthread_create exists in the pthreads failed with the following output:
Change Dir: /home/ubuntu/phil_catkin_ws/build/CMakeFiles/CMakeTmp

Run Build Command:/usr/bin/make "cmTryCompileExec281160246/fast"
/usr/bin/make -f CMakeFiles/cmTryCompileExec281160246.dir/build.make CMakeFiles/cmTryCompileExec281160246.dir/build
make[1]: Entering directory `/home/ubuntu/phil_catkin_ws/build/CMakeFiles/CMakeTmp'
/usr/bin/cmake -E cmake_progress_report /home/ubuntu/phil_catkin_ws/build/CMakeFiles/CMakeTmp/CMakeFiles 1
Building C object CMakeFiles/cmTryCompileExec281160246.dir/CheckFunctionExists.c.o
/usr/bin/cc   -DCHECK_FUNCTION_EXISTS=pthread_create   -o CMakeFiles/cmTryCompileExec281160246.dir/CheckFunctionExists.c.o   -c /usr/share/cmake-2.8/Modules/CheckFunctionExists.c
Linking C executable cmTryCompileExec281160246
/usr/bin/cmake -E cmake_link_script CMakeFiles/cmTryCompileExec281160246.dir/link.txt --verbose=1
/usr/bin/cc   -DCHECK_FUNCTION_EXISTS=pthread_create    CMakeFiles/cmTryCompileExec281160246.dir/CheckFunctionExists.c.o  -o cmTryCompileExec281160246 -rdynamic -lpthreads 
/usr/bin/ld: cannot find -lpthreads
collect2: error: ld returned 1 exit status
make[1]: Leaving directory `/home/ubuntu/phil_catkin_ws/build/CMakeFiles/CMakeTmp'
make[1]: *** [cmTryCompileExec281160246] Error 1
make: *** [cmTryCompileExec281160246/fast] Error 2


